  [1m[36m (1.8ms)[0m  [1mCREATE TABLE "schema_migrations" ("version" varchar NOT NULL) [0m
  [1m[35m (0.3ms)[0m  select sqlite_version(*)
  [1m[36m (0.8ms)[0m  [1mCREATE UNIQUE INDEX "unique_schema_migrations" ON "schema_migrations" ("version")[0m
  [1m[35mActiveRecord::SchemaMigration Load (0.1ms)[0m  SELECT "schema_migrations".* FROM "schema_migrations"
Migrating to CreateCms (20160116055040)
  [1m[36m (0.1ms)[0m  [1mbegin transaction[0m
  [1m[35m (0.6ms)[0m  CREATE TABLE "comfy_cms_sites" ("id" INTEGER PRIMARY KEY AUTOINCREMENT NOT NULL, "label" varchar NOT NULL, "identifier" varchar NOT NULL, "hostname" varchar NOT NULL, "path" varchar, "locale" varchar DEFAULT 'en' NOT NULL, "is_mirrored" boolean DEFAULT 'f' NOT NULL) 
  [1m[36m (0.2ms)[0m  [1mCREATE  INDEX "index_comfy_cms_sites_on_hostname" ON "comfy_cms_sites" ("hostname")[0m
  [1m[35m (0.1ms)[0m              SELECT sql
            FROM sqlite_master
            WHERE name='index_comfy_cms_sites_on_hostname' AND type='index'
            UNION ALL
            SELECT sql
            FROM sqlite_temp_master
            WHERE name='index_comfy_cms_sites_on_hostname' AND type='index'

  [1m[36m (0.2ms)[0m  [1mCREATE  INDEX "index_comfy_cms_sites_on_is_mirrored" ON "comfy_cms_sites" ("is_mirrored")[0m
DEPRECATION WARNING: `#timestamps` was called without specifying an option for `null`. In Rails 5, this behavior will change to `null: false`. You should manually specify `null: true` to prevent the behavior of your existing migrations from changing. (called from block in up at /Users/johnhenning/Github/Hackatron/db/migrate/20160116055040_create_cms.rb:36)
  [1m[35m (0.2ms)[0m  CREATE TABLE "comfy_cms_layouts" ("id" INTEGER PRIMARY KEY AUTOINCREMENT NOT NULL, "site_id" integer NOT NULL, "parent_id" integer, "app_layout" varchar, "label" varchar NOT NULL, "identifier" varchar NOT NULL, "content" text(16777215), "css" text(16777215), "js" text(16777215), "position" integer DEFAULT 0 NOT NULL, "is_shared" boolean DEFAULT 'f' NOT NULL, "created_at" datetime, "updated_at" datetime) 
  [1m[36m (0.2ms)[0m  [1mCREATE  INDEX "index_comfy_cms_layouts_on_parent_id_and_position" ON "comfy_cms_layouts" ("parent_id", "position")[0m
  [1m[35m (0.1ms)[0m              SELECT sql
            FROM sqlite_master
            WHERE name='index_comfy_cms_layouts_on_parent_id_and_position' AND type='index'
            UNION ALL
            SELECT sql
            FROM sqlite_temp_master
            WHERE name='index_comfy_cms_layouts_on_parent_id_and_position' AND type='index'

  [1m[36m (0.4ms)[0m  [1mCREATE UNIQUE INDEX "index_comfy_cms_layouts_on_site_id_and_identifier" ON "comfy_cms_layouts" ("site_id", "identifier")[0m
DEPRECATION WARNING: `#timestamps` was called without specifying an option for `null`. In Rails 5, this behavior will change to `null: false`. You should manually specify `null: true` to prevent the behavior of your existing migrations from changing. (called from block in up at /Users/johnhenning/Github/Hackatron/db/migrate/20160116055040_create_cms.rb:55)
  [1m[35m (0.3ms)[0m  CREATE TABLE "comfy_cms_pages" ("id" INTEGER PRIMARY KEY AUTOINCREMENT NOT NULL, "site_id" integer NOT NULL, "layout_id" integer, "parent_id" integer, "target_page_id" integer, "label" varchar NOT NULL, "slug" varchar, "full_path" varchar NOT NULL, "content_cache" text(16777215), "position" integer DEFAULT 0 NOT NULL, "children_count" integer DEFAULT 0 NOT NULL, "is_published" boolean DEFAULT 't' NOT NULL, "is_shared" boolean DEFAULT 'f' NOT NULL, "created_at" datetime, "updated_at" datetime) 
  [1m[36m (0.2ms)[0m  [1mCREATE  INDEX "index_comfy_cms_pages_on_site_id_and_full_path" ON "comfy_cms_pages" ("site_id", "full_path")[0m
  [1m[35m (0.1ms)[0m              SELECT sql
            FROM sqlite_master
            WHERE name='index_comfy_cms_pages_on_site_id_and_full_path' AND type='index'
            UNION ALL
            SELECT sql
            FROM sqlite_temp_master
            WHERE name='index_comfy_cms_pages_on_site_id_and_full_path' AND type='index'

  [1m[36m (0.2ms)[0m  [1mCREATE  INDEX "index_comfy_cms_pages_on_parent_id_and_position" ON "comfy_cms_pages" ("parent_id", "position")[0m
DEPRECATION WARNING: `#timestamps` was called without specifying an option for `null`. In Rails 5, this behavior will change to `null: false`. You should manually specify `null: true` to prevent the behavior of your existing migrations from changing. (called from block in up at /Users/johnhenning/Github/Hackatron/db/migrate/20160116055040_create_cms.rb:65)
  [1m[35m (0.2ms)[0m  CREATE TABLE "comfy_cms_blocks" ("id" INTEGER PRIMARY KEY AUTOINCREMENT NOT NULL, "identifier" varchar NOT NULL, "content" text(16777215), "blockable_id" integer, "blockable_type" varchar, "created_at" datetime, "updated_at" datetime) 
  [1m[36m (0.2ms)[0m  [1mCREATE  INDEX "index_comfy_cms_blocks_on_identifier" ON "comfy_cms_blocks" ("identifier")[0m
  [1m[35m (0.1ms)[0m              SELECT sql
            FROM sqlite_master
            WHERE name='index_comfy_cms_blocks_on_identifier' AND type='index'
            UNION ALL
            SELECT sql
            FROM sqlite_temp_master
            WHERE name='index_comfy_cms_blocks_on_identifier' AND type='index'

  [1m[36m (0.2ms)[0m  [1mCREATE  INDEX "index_comfy_cms_blocks_on_blockable_id_and_blockable_type" ON "comfy_cms_blocks" ("blockable_id", "blockable_type")[0m
DEPRECATION WARNING: `#timestamps` was called without specifying an option for `null`. In Rails 5, this behavior will change to `null: false`. You should manually specify `null: true` to prevent the behavior of your existing migrations from changing. (called from block in up at /Users/johnhenning/Github/Hackatron/db/migrate/20160116055040_create_cms.rb:78)
  [1m[35m (0.2ms)[0m  CREATE TABLE "comfy_cms_snippets" ("id" INTEGER PRIMARY KEY AUTOINCREMENT NOT NULL, "site_id" integer NOT NULL, "label" varchar NOT NULL, "identifier" varchar NOT NULL, "content" text(16777215), "position" integer DEFAULT 0 NOT NULL, "is_shared" boolean DEFAULT 'f' NOT NULL, "created_at" datetime, "updated_at" datetime) 
  [1m[36m (0.2ms)[0m  [1mCREATE UNIQUE INDEX "index_comfy_cms_snippets_on_site_id_and_identifier" ON "comfy_cms_snippets" ("site_id", "identifier")[0m
  [1m[35m (0.1ms)[0m              SELECT sql
            FROM sqlite_master
            WHERE name='index_comfy_cms_snippets_on_site_id_and_identifier' AND type='index'
            UNION ALL
            SELECT sql
            FROM sqlite_temp_master
            WHERE name='index_comfy_cms_snippets_on_site_id_and_identifier' AND type='index'

  [1m[36m (0.2ms)[0m  [1mCREATE  INDEX "index_comfy_cms_snippets_on_site_id_and_position" ON "comfy_cms_snippets" ("site_id", "position")[0m
DEPRECATION WARNING: `#timestamps` was called without specifying an option for `null`. In Rails 5, this behavior will change to `null: false`. You should manually specify `null: true` to prevent the behavior of your existing migrations from changing. (called from block in up at /Users/johnhenning/Github/Hackatron/db/migrate/20160116055040_create_cms.rb:93)
  [1m[35m (0.2ms)[0m  CREATE TABLE "comfy_cms_files" ("id" INTEGER PRIMARY KEY AUTOINCREMENT NOT NULL, "site_id" integer NOT NULL, "block_id" integer, "label" varchar NOT NULL, "file_file_name" varchar NOT NULL, "file_content_type" varchar NOT NULL, "file_file_size" integer NOT NULL, "description" varchar(2048), "position" integer DEFAULT 0 NOT NULL, "created_at" datetime, "updated_at" datetime) 
  [1m[36m (0.2ms)[0m  [1mCREATE  INDEX "index_comfy_cms_files_on_site_id_and_label" ON "comfy_cms_files" ("site_id", "label")[0m
  [1m[35m (0.1ms)[0m              SELECT sql
            FROM sqlite_master
            WHERE name='index_comfy_cms_files_on_site_id_and_label' AND type='index'
            UNION ALL
            SELECT sql
            FROM sqlite_temp_master
            WHERE name='index_comfy_cms_files_on_site_id_and_label' AND type='index'

  [1m[36m (0.2ms)[0m  [1mCREATE  INDEX "index_comfy_cms_files_on_site_id_and_file_file_name" ON "comfy_cms_files" ("site_id", "file_file_name")[0m
  [1m[35m (0.1ms)[0m              SELECT sql
            FROM sqlite_master
            WHERE name='index_comfy_cms_files_on_site_id_and_file_file_name' AND type='index'
            UNION ALL
            SELECT sql
            FROM sqlite_temp_master
            WHERE name='index_comfy_cms_files_on_site_id_and_file_file_name' AND type='index'

  [1m[36m (0.1ms)[0m  [1m            SELECT sql
            FROM sqlite_master
            WHERE name='index_comfy_cms_files_on_site_id_and_label' AND type='index'
            UNION ALL
            SELECT sql
            FROM sqlite_temp_master
            WHERE name='index_comfy_cms_files_on_site_id_and_label' AND type='index'
[0m
  [1m[35m (0.2ms)[0m  CREATE  INDEX "index_comfy_cms_files_on_site_id_and_position" ON "comfy_cms_files" ("site_id", "position")
  [1m[36m (0.1ms)[0m  [1m            SELECT sql
            FROM sqlite_master
            WHERE name='index_comfy_cms_files_on_site_id_and_position' AND type='index'
            UNION ALL
            SELECT sql
            FROM sqlite_temp_master
            WHERE name='index_comfy_cms_files_on_site_id_and_position' AND type='index'
[0m
  [1m[35m (0.0ms)[0m              SELECT sql
            FROM sqlite_master
            WHERE name='index_comfy_cms_files_on_site_id_and_file_file_name' AND type='index'
            UNION ALL
            SELECT sql
            FROM sqlite_temp_master
            WHERE name='index_comfy_cms_files_on_site_id_and_file_file_name' AND type='index'

  [1m[36m (0.0ms)[0m  [1m            SELECT sql
            FROM sqlite_master
            WHERE name='index_comfy_cms_files_on_site_id_and_label' AND type='index'
            UNION ALL
            SELECT sql
            FROM sqlite_temp_master
            WHERE name='index_comfy_cms_files_on_site_id_and_label' AND type='index'
[0m
  [1m[35m (0.1ms)[0m  CREATE  INDEX "index_comfy_cms_files_on_site_id_and_block_id" ON "comfy_cms_files" ("site_id", "block_id")
  [1m[36m (0.2ms)[0m  [1mCREATE TABLE "comfy_cms_revisions" ("id" INTEGER PRIMARY KEY AUTOINCREMENT NOT NULL, "record_type" varchar NOT NULL, "record_id" integer NOT NULL, "data" text(16777215), "created_at" datetime) [0m
  [1m[35m (0.2ms)[0m  CREATE  INDEX "index_cms_revisions_on_rtype_and_rid_and_created_at" ON "comfy_cms_revisions" ("record_type", "record_id", "created_at")
  [1m[36m (0.2ms)[0m  [1mCREATE TABLE "comfy_cms_categories" ("id" INTEGER PRIMARY KEY AUTOINCREMENT NOT NULL, "site_id" integer NOT NULL, "label" varchar NOT NULL, "categorized_type" varchar NOT NULL) [0m
  [1m[35m (0.2ms)[0m  CREATE UNIQUE INDEX "index_cms_categories_on_site_id_and_cat_type_and_label" ON "comfy_cms_categories" ("site_id", "categorized_type", "label")
  [1m[36m (0.9ms)[0m  [1mCREATE TABLE "comfy_cms_categorizations" ("id" INTEGER PRIMARY KEY AUTOINCREMENT NOT NULL, "category_id" integer NOT NULL, "categorized_type" varchar NOT NULL, "categorized_id" integer NOT NULL) [0m
  [1m[35m (0.3ms)[0m  CREATE UNIQUE INDEX "index_cms_categorizations_on_cat_id_and_catd_type_and_catd_id" ON "comfy_cms_categorizations" ("category_id", "categorized_type", "categorized_id")
  [1m[36mSQL (0.3ms)[0m  [1mINSERT INTO "schema_migrations" ("version") VALUES (?)[0m  [["version", "20160116055040"]]
  [1m[35m (1.9ms)[0m  commit transaction
  [1m[36mActiveRecord::SchemaMigration Load (0.1ms)[0m  [1mSELECT "schema_migrations".* FROM "schema_migrations"[0m
  [1m[35m (0.1ms)[0m              SELECT sql
            FROM sqlite_master
            WHERE name='index_comfy_cms_blocks_on_blockable_id_and_blockable_type' AND type='index'
            UNION ALL
            SELECT sql
            FROM sqlite_temp_master
            WHERE name='index_comfy_cms_blocks_on_blockable_id_and_blockable_type' AND type='index'

  [1m[36m (0.1ms)[0m  [1m            SELECT sql
            FROM sqlite_master
            WHERE name='index_comfy_cms_blocks_on_identifier' AND type='index'
            UNION ALL
            SELECT sql
            FROM sqlite_temp_master
            WHERE name='index_comfy_cms_blocks_on_identifier' AND type='index'
[0m
  [1m[35m (0.1ms)[0m              SELECT sql
            FROM sqlite_master
            WHERE name='index_cms_categories_on_site_id_and_cat_type_and_label' AND type='index'
            UNION ALL
            SELECT sql
            FROM sqlite_temp_master
            WHERE name='index_cms_categories_on_site_id_and_cat_type_and_label' AND type='index'

  [1m[36m (0.1ms)[0m  [1m            SELECT sql
            FROM sqlite_master
            WHERE name='index_cms_categorizations_on_cat_id_and_catd_type_and_catd_id' AND type='index'
            UNION ALL
            SELECT sql
            FROM sqlite_temp_master
            WHERE name='index_cms_categorizations_on_cat_id_and_catd_type_and_catd_id' AND type='index'
[0m
  [1m[35m (0.1ms)[0m              SELECT sql
            FROM sqlite_master
            WHERE name='index_comfy_cms_files_on_site_id_and_block_id' AND type='index'
            UNION ALL
            SELECT sql
            FROM sqlite_temp_master
            WHERE name='index_comfy_cms_files_on_site_id_and_block_id' AND type='index'

  [1m[36m (0.1ms)[0m  [1m            SELECT sql
            FROM sqlite_master
            WHERE name='index_comfy_cms_files_on_site_id_and_position' AND type='index'
            UNION ALL
            SELECT sql
            FROM sqlite_temp_master
            WHERE name='index_comfy_cms_files_on_site_id_and_position' AND type='index'
[0m
  [1m[35m (0.1ms)[0m              SELECT sql
            FROM sqlite_master
            WHERE name='index_comfy_cms_files_on_site_id_and_file_file_name' AND type='index'
            UNION ALL
            SELECT sql
            FROM sqlite_temp_master
            WHERE name='index_comfy_cms_files_on_site_id_and_file_file_name' AND type='index'

  [1m[36m (0.1ms)[0m  [1m            SELECT sql
            FROM sqlite_master
            WHERE name='index_comfy_cms_files_on_site_id_and_label' AND type='index'
            UNION ALL
            SELECT sql
            FROM sqlite_temp_master
            WHERE name='index_comfy_cms_files_on_site_id_and_label' AND type='index'
[0m
  [1m[35m (0.1ms)[0m              SELECT sql
            FROM sqlite_master
            WHERE name='index_comfy_cms_layouts_on_site_id_and_identifier' AND type='index'
            UNION ALL
            SELECT sql
            FROM sqlite_temp_master
            WHERE name='index_comfy_cms_layouts_on_site_id_and_identifier' AND type='index'

  [1m[36m (0.2ms)[0m  [1m            SELECT sql
            FROM sqlite_master
            WHERE name='index_comfy_cms_layouts_on_parent_id_and_position' AND type='index'
            UNION ALL
            SELECT sql
            FROM sqlite_temp_master
            WHERE name='index_comfy_cms_layouts_on_parent_id_and_position' AND type='index'
[0m
  [1m[35m (0.3ms)[0m              SELECT sql
            FROM sqlite_master
            WHERE name='index_comfy_cms_pages_on_parent_id_and_position' AND type='index'
            UNION ALL
            SELECT sql
            FROM sqlite_temp_master
            WHERE name='index_comfy_cms_pages_on_parent_id_and_position' AND type='index'

  [1m[36m (0.2ms)[0m  [1m            SELECT sql
            FROM sqlite_master
            WHERE name='index_comfy_cms_pages_on_site_id_and_full_path' AND type='index'
            UNION ALL
            SELECT sql
            FROM sqlite_temp_master
            WHERE name='index_comfy_cms_pages_on_site_id_and_full_path' AND type='index'
[0m
  [1m[35m (0.2ms)[0m              SELECT sql
            FROM sqlite_master
            WHERE name='index_cms_revisions_on_rtype_and_rid_and_created_at' AND type='index'
            UNION ALL
            SELECT sql
            FROM sqlite_temp_master
            WHERE name='index_cms_revisions_on_rtype_and_rid_and_created_at' AND type='index'

  [1m[36m (0.2ms)[0m  [1m            SELECT sql
            FROM sqlite_master
            WHERE name='index_comfy_cms_sites_on_is_mirrored' AND type='index'
            UNION ALL
            SELECT sql
            FROM sqlite_temp_master
            WHERE name='index_comfy_cms_sites_on_is_mirrored' AND type='index'
[0m
  [1m[35m (0.2ms)[0m              SELECT sql
            FROM sqlite_master
            WHERE name='index_comfy_cms_sites_on_hostname' AND type='index'
            UNION ALL
            SELECT sql
            FROM sqlite_temp_master
            WHERE name='index_comfy_cms_sites_on_hostname' AND type='index'

  [1m[36m (0.3ms)[0m  [1m            SELECT sql
            FROM sqlite_master
            WHERE name='index_comfy_cms_snippets_on_site_id_and_position' AND type='index'
            UNION ALL
            SELECT sql
            FROM sqlite_temp_master
            WHERE name='index_comfy_cms_snippets_on_site_id_and_position' AND type='index'
[0m
  [1m[35m (0.4ms)[0m              SELECT sql
            FROM sqlite_master
            WHERE name='index_comfy_cms_snippets_on_site_id_and_identifier' AND type='index'
            UNION ALL
            SELECT sql
            FROM sqlite_temp_master
            WHERE name='index_comfy_cms_snippets_on_site_id_and_identifier' AND type='index'



Started GET "/" for ::1 at 2016-01-16 00:51:07 -0500
  [1m[36mActiveRecord::SchemaMigration Load (0.1ms)[0m  [1mSELECT "schema_migrations".* FROM "schema_migrations"[0m
Processing by Comfy::Cms::ContentController#show as HTML
  [1m[35m (0.1ms)[0m  SELECT COUNT(*) FROM "comfy_cms_sites"
  [1m[36mComfy::Cms::Site Load (0.3ms)[0m  [1mSELECT "comfy_cms_sites".* FROM "comfy_cms_sites" WHERE "comfy_cms_sites"."hostname" = ?[0m  [["hostname", "localhost:3000"]]
Completed 404 Not Found in 715ms (ActiveRecord: 0.5ms)

ActionController::RoutingError (Site Not Found):
  comfortable_mexican_sofa (1.12.8) app/controllers/comfy/cms/base_controller.rb:26:in `load_cms_site'
  activesupport (4.2.4) lib/active_support/callbacks.rb:432:in `block in make_lambda'
  activesupport (4.2.4) lib/active_support/callbacks.rb:164:in `call'
  activesupport (4.2.4) lib/active_support/callbacks.rb:164:in `block in halting'
  activesupport (4.2.4) lib/active_support/callbacks.rb:504:in `call'
  activesupport (4.2.4) lib/active_support/callbacks.rb:504:in `block in call'
  activesupport (4.2.4) lib/active_support/callbacks.rb:504:in `each'
  activesupport (4.2.4) lib/active_support/callbacks.rb:504:in `call'
  activesupport (4.2.4) lib/active_support/callbacks.rb:92:in `__run_callbacks__'
  activesupport (4.2.4) lib/active_support/callbacks.rb:778:in `_run_process_action_callbacks'
  activesupport (4.2.4) lib/active_support/callbacks.rb:81:in `run_callbacks'
  actionpack (4.2.4) lib/abstract_controller/callbacks.rb:19:in `process_action'
  actionpack (4.2.4) lib/action_controller/metal/rescue.rb:29:in `process_action'
  actionpack (4.2.4) lib/action_controller/metal/instrumentation.rb:32:in `block in process_action'
  activesupport (4.2.4) lib/active_support/notifications.rb:164:in `block in instrument'
  activesupport (4.2.4) lib/active_support/notifications/instrumenter.rb:20:in `instrument'
  activesupport (4.2.4) lib/active_support/notifications.rb:164:in `instrument'
  actionpack (4.2.4) lib/action_controller/metal/instrumentation.rb:30:in `process_action'
  actionpack (4.2.4) lib/action_controller/metal/params_wrapper.rb:250:in `process_action'
  activerecord (4.2.4) lib/active_record/railties/controller_runtime.rb:18:in `process_action'
  actionpack (4.2.4) lib/abstract_controller/base.rb:137:in `process'
  actionview (4.2.4) lib/action_view/rendering.rb:30:in `process'
  actionpack (4.2.4) lib/action_controller/metal.rb:196:in `dispatch'
  actionpack (4.2.4) lib/action_controller/metal/rack_delegation.rb:13:in `dispatch'
  actionpack (4.2.4) lib/action_controller/metal.rb:237:in `block in action'
  actionpack (4.2.4) lib/action_dispatch/routing/route_set.rb:76:in `call'
  actionpack (4.2.4) lib/action_dispatch/routing/route_set.rb:76:in `dispatch'
  actionpack (4.2.4) lib/action_dispatch/routing/route_set.rb:45:in `serve'
  actionpack (4.2.4) lib/action_dispatch/journey/router.rb:43:in `block in serve'
  actionpack (4.2.4) lib/action_dispatch/journey/router.rb:30:in `each'
  actionpack (4.2.4) lib/action_dispatch/journey/router.rb:30:in `serve'
  actionpack (4.2.4) lib/action_dispatch/routing/route_set.rb:821:in `call'
  rack (1.6.4) lib/rack/etag.rb:24:in `call'
  rack (1.6.4) lib/rack/conditionalget.rb:25:in `call'
  rack (1.6.4) lib/rack/head.rb:13:in `call'
  actionpack (4.2.4) lib/action_dispatch/middleware/params_parser.rb:27:in `call'
  actionpack (4.2.4) lib/action_dispatch/middleware/flash.rb:260:in `call'
  rack (1.6.4) lib/rack/session/abstract/id.rb:225:in `context'
  rack (1.6.4) lib/rack/session/abstract/id.rb:220:in `call'
  actionpack (4.2.4) lib/action_dispatch/middleware/cookies.rb:560:in `call'
  activerecord (4.2.4) lib/active_record/query_cache.rb:36:in `call'
  activerecord (4.2.4) lib/active_record/connection_adapters/abstract/connection_pool.rb:653:in `call'
  activerecord (4.2.4) lib/active_record/migration.rb:377:in `call'
  actionpack (4.2.4) lib/action_dispatch/middleware/callbacks.rb:29:in `block in call'
  activesupport (4.2.4) lib/active_support/callbacks.rb:88:in `__run_callbacks__'
  activesupport (4.2.4) lib/active_support/callbacks.rb:778:in `_run_call_callbacks'
  activesupport (4.2.4) lib/active_support/callbacks.rb:81:in `run_callbacks'
  actionpack (4.2.4) lib/action_dispatch/middleware/callbacks.rb:27:in `call'
  actionpack (4.2.4) lib/action_dispatch/middleware/reloader.rb:73:in `call'
  actionpack (4.2.4) lib/action_dispatch/middleware/remote_ip.rb:78:in `call'
  actionpack (4.2.4) lib/action_dispatch/middleware/debug_exceptions.rb:17:in `call'
  web-console (2.2.1) lib/web_console/middleware.rb:39:in `call'
  actionpack (4.2.4) lib/action_dispatch/middleware/show_exceptions.rb:30:in `call'
  railties (4.2.4) lib/rails/rack/logger.rb:38:in `call_app'
  railties (4.2.4) lib/rails/rack/logger.rb:20:in `block in call'
  activesupport (4.2.4) lib/active_support/tagged_logging.rb:68:in `block in tagged'
  activesupport (4.2.4) lib/active_support/tagged_logging.rb:26:in `tagged'
  activesupport (4.2.4) lib/active_support/tagged_logging.rb:68:in `tagged'
  railties (4.2.4) lib/rails/rack/logger.rb:20:in `call'
  actionpack (4.2.4) lib/action_dispatch/middleware/request_id.rb:21:in `call'
  rack (1.6.4) lib/rack/methodoverride.rb:22:in `call'
  rack (1.6.4) lib/rack/runtime.rb:18:in `call'
  activesupport (4.2.4) lib/active_support/cache/strategy/local_cache_middleware.rb:28:in `call'
  rack (1.6.4) lib/rack/lock.rb:17:in `call'
  actionpack (4.2.4) lib/action_dispatch/middleware/static.rb:116:in `call'
  rack (1.6.4) lib/rack/sendfile.rb:113:in `call'
  railties (4.2.4) lib/rails/engine.rb:518:in `call'
  railties (4.2.4) lib/rails/application.rb:165:in `call'
  rack (1.6.4) lib/rack/lock.rb:17:in `call'
  rack (1.6.4) lib/rack/content_length.rb:15:in `call'
  rack (1.6.4) lib/rack/handler/webrick.rb:88:in `service'
  /Users/johnhenning/.rvm/rubies/ruby-2.2.3/lib/ruby/2.2.0/webrick/httpserver.rb:138:in `service'
  /Users/johnhenning/.rvm/rubies/ruby-2.2.3/lib/ruby/2.2.0/webrick/httpserver.rb:94:in `run'
  /Users/johnhenning/.rvm/rubies/ruby-2.2.3/lib/ruby/2.2.0/webrick/server.rb:294:in `block in start_thread'


  Rendered /Users/johnhenning/.rvm/gems/ruby-2.2.3/gems/actionpack-4.2.4/lib/action_dispatch/middleware/templates/rescues/_trace.html.erb (3.1ms)
  Rendered /Users/johnhenning/.rvm/gems/ruby-2.2.3/gems/actionpack-4.2.4/lib/action_dispatch/middleware/templates/routes/_route.html.erb (3.8ms)
  Rendered /Users/johnhenning/.rvm/gems/ruby-2.2.3/gems/actionpack-4.2.4/lib/action_dispatch/middleware/templates/routes/_table.html.erb (6.0ms)
  Rendered /Users/johnhenning/.rvm/gems/ruby-2.2.3/gems/actionpack-4.2.4/lib/action_dispatch/middleware/templates/rescues/_request_and_response.html.erb (1.4ms)
  Rendered /Users/johnhenning/.rvm/gems/ruby-2.2.3/gems/actionpack-4.2.4/lib/action_dispatch/middleware/templates/rescues/routing_error.html.erb within rescues/layout (143.3ms)
  Rendered /Users/johnhenning/.rvm/gems/ruby-2.2.3/gems/web-console-2.2.1/lib/web_console/templates/_markup.html.erb (1.1ms)
  Rendered /Users/johnhenning/.rvm/gems/ruby-2.2.3/gems/web-console-2.2.1/lib/web_console/templates/_inner_console_markup.html.erb within layouts/inlined_string (0.3ms)
  Rendered /Users/johnhenning/.rvm/gems/ruby-2.2.3/gems/web-console-2.2.1/lib/web_console/templates/_prompt_box_markup.html.erb within layouts/inlined_string (0.2ms)
  Rendered /Users/johnhenning/.rvm/gems/ruby-2.2.3/gems/web-console-2.2.1/lib/web_console/templates/style.css.erb within layouts/inlined_string (0.3ms)
  Rendered /Users/johnhenning/.rvm/gems/ruby-2.2.3/gems/web-console-2.2.1/lib/web_console/templates/console.js.erb within layouts/javascript (50.0ms)
  Rendered /Users/johnhenning/.rvm/gems/ruby-2.2.3/gems/web-console-2.2.1/lib/web_console/templates/main.js.erb within layouts/javascript (0.2ms)
  Rendered /Users/johnhenning/.rvm/gems/ruby-2.2.3/gems/web-console-2.2.1/lib/web_console/templates/error_page.js.erb within layouts/javascript (1.2ms)
  Rendered /Users/johnhenning/.rvm/gems/ruby-2.2.3/gems/web-console-2.2.1/lib/web_console/templates/index.html.erb (127.2ms)
